C51 COMPILER V9.56.0.0   MAIN                                                              03/13/2018 00:36:03 PAGE 1   


C51 COMPILER V9.56.0.0, COMPILATION OF MODULE MAIN
OBJECT MODULE PLACED IN .\Objects\main.obj
COMPILER INVOKED BY: D:\Software\Keil\C51\BIN\C51.EXE main.c OPTIMIZE(8,SPEED) BROWSE DEBUG OBJECTEXTEND PRINT(.\Listing
                    -s\main.lst) TABS(2) OBJECT(.\Objects\main.obj)

line level    source

   1          #include <REG52.H>  
   2          #include <math.h>    //Keil library  
   3          #include <stdio.h>   //Keil library 
   4          #include "i2c.h"//一定要在项目文件中包含，不然会出现一个unsolved external defination！
   5          #include "uart.h"
   6          #include "move.h"
   7          #include "robot_driver.h"
   8          
   9          // 定义MPU6050内部地址
  10          //****************************************
  11          #define SMPLRT_DIV    0x19  //陀螺仪采样率，典型值：0x07(125Hz)
  12          #define CONFIG      0x1A  //低通滤波频率，典型值：0x06(5Hz)
  13          #define GYRO_CONFIG   0x1B  //陀螺仪自检及测量范围，典型值：0x18(不自检，2000deg/s)
  14          #define ACCEL_CONFIG  0x1C  //加速计自检、测量范围及高通滤波频率，典型值：0x01(不自检，2G，5Hz)
  15          #define ACCEL_XOUT_H  0x3B
  16          #define ACCEL_XOUT_L  0x3C
  17          #define ACCEL_YOUT_H  0x3D
  18          #define ACCEL_YOUT_L  0x3E
  19          #define ACCEL_ZOUT_H  0x3F
  20          #define ACCEL_ZOUT_L  0x40
  21          #define TEMP_OUT_H    0x41
  22          #define TEMP_OUT_L    0x42
  23          #define GYRO_XOUT_H   0x43
  24          #define GYRO_XOUT_L   0x44  
  25          #define GYRO_YOUT_H   0x45
  26          #define GYRO_YOUT_L   0x46
  27          #define GYRO_ZOUT_H   0x47
  28          #define GYRO_ZOUT_L   0x48
  29          #define PWR_MGMT_1    0x6B  //电源管理，典型值：0x00(正常启用)
  30          #define WHO_AM_I      0x75  //IIC地址寄存器(默认数值0x68，只读)
  31          #define SlaveAddress  0xD0  //IIC写入时的地址字节数据，+1为读取
  32          
  33          //****************************************
  34          //定义类型及变量
  35          //****************************************
  36          unsigned char ge,shi,bai,qian,wan;
  37          //****************************************
  38          //函数声明
  39          //****************************************
  40          void  delay(unsigned int k);                    //延时            
  41          //****************************************
  42          //延时
  43          //****************************************
  44          void delay(unsigned int k)  
  45          {         
  46   1      //延时函数  
  47   1        unsigned int i,j;       
  48   1        for(i=0;i<k;i++)
  49   1        {     
  50   2          for(j=0;j<121;j++);
  51   2        }           
  52   1      }
  53          
  54          //**************************************
C51 COMPILER V9.56.0.0   MAIN                                                              03/13/2018 00:36:03 PAGE 2   

  55          //合成数据
  56          //**************************************
  57          void GetData(uchar REG_Address,unsigned char temp[16])
  58          {
  59   1        //从传感器中读取信息
  60   1        //主要是修改temp中的16个元素的相应的数据
  61   1        Single_ReadI2C(REG_Address,temp);
  62   1        Single_ReadI2C(REG_Address+1,temp);
  63   1        
  64   1      }
  65          //转换数据
  66          void converse(int num)
  67          {
  68   1        //转换函数
  69   1        //即对比较大的数据进行换算
  70   1        //每一位均按照单个字节存储
  71   1        wan=num/10000;
  72   1        num=num%10000;
  73   1        qian=num/1000;
  74   1        num=num%1000;
  75   1        bai=num/100;
  76   1        num=num%100;
  77   1        shi=num/10;
  78   1        ge=num%10;
  79   1      }
  80          
  81          void send(int num[8])
  82          {
  83   1        //利用串口发送数据
  84   1        int i;
  85   1        for(i=0;i<8;i++)
  86   1          {
  87   2            SBUF=i+0x30;
  88   2            while(!TI);TI=0;
  89   2            SBUF=':';
  90   2            while(!TI);TI=0;
  91   2            if(num[i]<0)
  92   2            {
  93   3              num[i]=-num[i];
  94   3              SBUF='-';
  95   3              while(!TI);TI=0;
  96   3            }
  97   2            else
  98   2            {
  99   3              SBUF='+';
 100   3              while(!TI);TI=0;
 101   3            }
 102   2            converse(num[i]);
 103   2            SBUF=wan+0x30;
 104   2            while(!TI);TI=0;
 105   2            SBUF=qian+0x30;
 106   2            while(!TI);TI=0;
 107   2            SBUF=bai+0x30;
 108   2            while(!TI);TI=0;
 109   2            SBUF=shi+0x30;
 110   2            while(!TI);TI=0;
 111   2            SBUF=ge+0x30;
 112   2            while(!TI);TI=0;
 113   2            SBUF=0x0d;
 114   2            while(!TI);TI=0;
 115   2            SBUF=0x0a;
 116   2            while(!TI);TI=0;
C51 COMPILER V9.56.0.0   MAIN                                                              03/13/2018 00:36:03 PAGE 3   

 117   2          }
 118   1      }
 119          
 120          void transform(int num[8],unsigned char temp[16])
 121          {
 122   1        //将temp中接收到的16个数据转换成能被四肢动作所处理的八个传感器数据num中
 123   1        unsigned char i;
 124   1        for(i=0;i<8;i++)//数据处理，按照连接在引脚上的传感器顺序存储传感器所得到的数据
 125   1          {
 126   2            num[i]=temp[7-i]<<8 | temp[15-i];
 127   2            num[i]=num[i]/17;//缩小num变化范围，使其在0~2000之间变动
 128   2          }
 129   1      }
 130          
 131          //*********************************************************
 132          //主程序
 133          //*********************************************************
 134          void main()
 135          { 
 136   1        int num[8];unsigned char temp[16];
 137   1        int X=0,Y=0,Z=0;
 138   1        init_uart();
 139   1        InitMPU6050();  
 140   1        
 141   1        while(1)
 142   1        {
 143   2          GetData(ACCEL_XOUT_H,temp);//获取数据存储于num中
 144   2          transform(num,temp);//将数据从temp中转换到num中
 145   2          
 146   2          //修正程序已经包含在四肢的动作函数中
 147   2          //需要另外加上偏移量，以防止读取的数据与人体动作不符合
 148   2          //修正程序以及偏移量见本程序所在文件夹内“修正.txt”
 149   2          //num[2]=num[2]-num[0]+1500;
 150   2          //数据转换部分
 151   2          
 152   2          right_leg(num);//右腿的程序
 153   2          
 154   2          
 155   2          left_leg(num);//左腿的程序
 156   2          //send(num);//发送处理过的num数据
 157   2          
 158   2          
 159   2          left_hand(num);//左手的程序
 160   2          
 161   2          
 162   2          right_hand(num);
 163   2          delay(100);
 164   2        }
 165   1      }


MODULE INFORMATION:   STATIC OVERLAYABLE
   CODE SIZE        =    598    ----
   CONSTANT SIZE    =   ----    ----
   XDATA SIZE       =   ----    ----
   PDATA SIZE       =   ----    ----
   DATA SIZE        =      5      54
   IDATA SIZE       =   ----    ----
   BIT SIZE         =   ----    ----
END OF MODULE INFORMATION.


C51 COMPILATION COMPLETE.  0 WARNING(S),  0 ERROR(S)
